<?xml version="1.0" encoding="UTF-8"?>
<!-- Generated by org.testng.reporters.JUnitReportReporter -->
<testsuite skipped="0" hostname="DESKTOP-F3NAEKG" name="TestNGConcept.LoginTest" tests="2" failures="0" timestamp="2021-10-04T20:48:13 CDT" time="7.947" errors="0">
  <testcase name="loginTest" time="3.598" classname="TestNGConcept.LoginTest"/>
  <system-out/>
  <testcase name="addCustomerTest" time="4.349" classname="TestNGConcept.LoginTest"/>
  <system-out/>
</testsuite> <!-- TestNGConcept.LoginTest -->
